Experiment Start!!!
Running at 2024-12-12 23:46: python train_model.py --exp_name TestConfig --time_interval 10--retrain 1 --dataset malware
Command failed, retrying in 3 seconds: python train_model.py --exp_name TestConfig --time_interval 10--retrain 1 --dataset malware
Retrying at 2024-12-12 23:46: python train_model.py --exp_name TestConfig --time_interval 10--retrain 1 --dataset malware
Command failed, retrying in 3 seconds: python train_model.py --exp_name TestConfig --time_interval 10--retrain 1 --dataset malware
Retrying at 2024-12-12 23:46: python train_model.py --exp_name TestConfig --time_interval 10--retrain 1 --dataset malware
Command failed, retrying in 3 seconds: python train_model.py --exp_name TestConfig --time_interval 10--retrain 1 --dataset malware
Experiment Start!!!
Running at 2024-12-12 23:46: python train_model.py --exp_name TestConfig --time_interval 10 --retrain 1 --dataset malware
Command failed, retrying in 3 seconds: python train_model.py --exp_name TestConfig --time_interval 10 --retrain 1 --dataset malware
Retrying at 2024-12-12 23:46: python train_model.py --exp_name TestConfig --time_interval 10 --retrain 1 --dataset malware
Command failed, retrying in 3 seconds: python train_model.py --exp_name TestConfig --time_interval 10 --retrain 1 --dataset malware
Retrying at 2024-12-12 23:46: python train_model.py --exp_name TestConfig --time_interval 10 --retrain 1 --dataset malware
Command failed, retrying in 3 seconds: python train_model.py --exp_name TestConfig --time_interval 10 --retrain 1 --dataset malware
Retrying at 2024-12-12 23:46: python train_model.py --exp_name TestConfig --time_interval 10 --retrain 1 --dataset malware
Command failed, retrying in 3 seconds: python train_model.py --exp_name TestConfig --time_interval 10 --retrain 1 --dataset malware
Retrying at 2024-12-12 23:46: python train_model.py --exp_name TestConfig --time_interval 10 --retrain 1 --dataset malware
Command failed, retrying in 3 seconds: python train_model.py --exp_name TestConfig --time_interval 10 --retrain 1 --dataset malware
Retrying at 2024-12-12 23:46: python train_model.py --exp_name TestConfig --time_interval 10 --retrain 1 --dataset malware
Command failed, retrying in 3 seconds: python train_model.py --exp_name TestConfig --time_interval 10 --retrain 1 --dataset malware
Retrying at 2024-12-12 23:46: python train_model.py --exp_name TestConfig --time_interval 10 --retrain 1 --dataset malware
Command failed, retrying in 3 seconds: python train_model.py --exp_name TestConfig --time_interval 10 --retrain 1 --dataset malware
Retrying at 2024-12-12 23:46: python train_model.py --exp_name TestConfig --time_interval 10 --retrain 1 --dataset malware
Command failed, retrying in 3 seconds: python train_model.py --exp_name TestConfig --time_interval 10 --retrain 1 --dataset malware
Retrying at 2024-12-12 23:46: python train_model.py --exp_name TestConfig --time_interval 10 --retrain 1 --dataset malware
Command failed, retrying in 3 seconds: python train_model.py --exp_name TestConfig --time_interval 10 --retrain 1 --dataset malware
Retrying at 2024-12-12 23:46: python train_model.py --exp_name TestConfig --time_interval 10 --retrain 1 --dataset malware
Command failed, retrying in 3 seconds: python train_model.py --exp_name TestConfig --time_interval 10 --retrain 1 --dataset malware
Retrying at 2024-12-12 23:46: python train_model.py --exp_name TestConfig --time_interval 10 --retrain 1 --dataset malware
Command failed, retrying in 3 seconds: python train_model.py --exp_name TestConfig --time_interval 10 --retrain 1 --dataset malware
Retrying at 2024-12-12 23:47: python train_model.py --exp_name TestConfig --time_interval 10 --retrain 1 --dataset malware
Command failed, retrying in 3 seconds: python train_model.py --exp_name TestConfig --time_interval 10 --retrain 1 --dataset malware
Retrying at 2024-12-12 23:47: python train_model.py --exp_name TestConfig --time_interval 10 --retrain 1 --dataset malware
Command failed, retrying in 3 seconds: python train_model.py --exp_name TestConfig --time_interval 10 --retrain 1 --dataset malware
Experiment Start!!!
Running at 2024-12-12 23:50: python train_model.py --exp_name TestConfig --time_interval 10 --retrain 1 --dataset malware
Command failed, retrying in 3 seconds: python train_model.py --exp_name TestConfig --time_interval 10 --retrain 1 --dataset malware
Retrying at 2024-12-12 23:50: python train_model.py --exp_name TestConfig --time_interval 10 --retrain 1 --dataset malware
Command failed, retrying in 3 seconds: python train_model.py --exp_name TestConfig --time_interval 10 --retrain 1 --dataset malware
Retrying at 2024-12-12 23:50: python train_model.py --exp_name TestConfig --time_interval 10 --retrain 1 --dataset malware
Command failed, retrying in 3 seconds: python train_model.py --exp_name TestConfig --time_interval 10 --retrain 1 --dataset malware
Experiment Start!!!
Running at 2024-12-12 23:51: python train_model.py --exp_name TestConfig --time_interval 10 --retrain 1 --dataset malware
Command failed, retrying in 3 seconds: python train_model.py --exp_name TestConfig --time_interval 10 --retrain 1 --dataset malware
Retrying at 2024-12-12 23:51: python train_model.py --exp_name TestConfig --time_interval 10 --retrain 1 --dataset malware
Command failed, retrying in 3 seconds: python train_model.py --exp_name TestConfig --time_interval 10 --retrain 1 --dataset malware
Experiment Start!!!
Running at 2024-12-12 23:51: python train_model.py --exp_name TestConfig --time_interval 10 --retrain 1 --dataset malware
Command failed, retrying in 3 seconds: python train_model.py --exp_name TestConfig --time_interval 10 --retrain 1 --dataset malware
Retrying at 2024-12-12 23:51: python train_model.py --exp_name TestConfig --time_interval 10 --retrain 1 --dataset malware
Command failed, retrying in 3 seconds: python train_model.py --exp_name TestConfig --time_interval 10 --retrain 1 --dataset malware
Retrying at 2024-12-12 23:51: python train_model.py --exp_name TestConfig --time_interval 10 --retrain 1 --dataset malware
Command failed, retrying in 3 seconds: python train_model.py --exp_name TestConfig --time_interval 10 --retrain 1 --dataset malware
Retrying at 2024-12-12 23:51: python train_model.py --exp_name TestConfig --time_interval 10 --retrain 1 --dataset malware
Command failed, retrying in 3 seconds: python train_model.py --exp_name TestConfig --time_interval 10 --retrain 1 --dataset malware
Experiment Start!!!
Running at 2024-12-12 23:52: python train_model.py --exp_name TestConfig --time_interval 10 --retrain 1 --dataset malware
Command failed, retrying in 3 seconds: python train_model.py --exp_name TestConfig --time_interval 10 --retrain 1 --dataset malware
Retrying at 2024-12-12 23:52: python train_model.py --exp_name TestConfig --time_interval 10 --retrain 1 --dataset malware
Command failed, retrying in 3 seconds: python train_model.py --exp_name TestConfig --time_interval 10 --retrain 1 --dataset malware
Retrying at 2024-12-12 23:52: python train_model.py --exp_name TestConfig --time_interval 10 --retrain 1 --dataset malware
Command failed, retrying in 3 seconds: python train_model.py --exp_name TestConfig --time_interval 10 --retrain 1 --dataset malware
Retrying at 2024-12-12 23:52: python train_model.py --exp_name TestConfig --time_interval 10 --retrain 1 --dataset malware
Command failed, retrying in 3 seconds: python train_model.py --exp_name TestConfig --time_interval 10 --retrain 1 --dataset malware
Retrying at 2024-12-12 23:52: python train_model.py --exp_name TestConfig --time_interval 10 --retrain 1 --dataset malware
Experiment Start!!!
Running at 2024-12-12 23:52: python train_model.py --exp_name TestConfig --time_interval 10 --retrain 1 --dataset malware
Experiment Start!!!
Running at 2024-12-12 23:53: python train_model.py --exp_name TestConfig --time_interval 10 --retrain 1 --dataset malware
Experiment Start!!!
Running at 2024-12-12 23:54: python train_model.py --exp_name TestConfig --time_interval 10 --retrain 1 --dataset malware --verbose 1
Experiment Start!!!
Running at 2024-12-13 00:00: python train_model.py --exp_name TestConfig --time_interval 10 --retrain 1 --dataset malware --verbose 1
Experiment Start!!!
Running at 2024-12-13 00:00: python train_model.py --exp_name TestConfig --time_interval 10 --retrain 1 --dataset malware --verbose 1
Experiment Start!!!
Running at 2024-12-13 00:01: python train_model.py --exp_name TestConfig --time_interval 10 --retrain 1 --dataset malware --verbose 1
Experiment Start!!!
Running at 2024-12-13 00:01: python train_model.py --exp_name TestConfig --time_interval 10 --retrain 1 --dataset malware --verbose 1
Experiment Start!!!
Running at 2024-12-13 00:02: python train_model.py --exp_name TestConfig --time_interval 10 --retrain 1 --dataset malware --verbose 1
Experiment Start!!!
Running at 2024-12-13 00:02: python train_model.py --exp_name TestConfig --time_interval 10 --retrain 1 --dataset malware --verbose 1
Experiment Start!!!
Running at 2024-12-13 00:03: python ./data_preprocess/data_generator.py
Experiment Start!!!
Running at 2024-12-13 00:04: python ./data_preprocess/data_generator.py
Experiment Start!!!
Running at 2024-12-13 12:44: python train_model.py --exp_name TestConfig --time_interval 10 --retrain 1 --dataset malware --verbose 1
Experiment Start!!!
Running at 2024-12-13 12:44: python train_model.py --exp_name TestConfig --time_interval 10 --retrain 1 --dataset malware --verbose 1
Command failed, retrying in 3 seconds: python train_model.py --exp_name TestConfig --time_interval 10 --retrain 1 --dataset malware --verbose 1
Retrying at 2024-12-13 12:47: python train_model.py --exp_name TestConfig --time_interval 10 --retrain 1 --dataset malware --verbose 1
Command failed, retrying in 3 seconds: python train_model.py --exp_name TestConfig --time_interval 10 --retrain 1 --dataset malware --verbose 1
Retrying at 2024-12-13 12:51: python train_model.py --exp_name TestConfig --time_interval 10 --retrain 1 --dataset malware --verbose 1
Command failed, retrying in 3 seconds: python train_model.py --exp_name TestConfig --time_interval 10 --retrain 1 --dataset malware --verbose 1
Retrying at 2024-12-13 12:54: python train_model.py --exp_name TestConfig --time_interval 10 --retrain 1 --dataset malware --verbose 1
Command failed, retrying in 3 seconds: python train_model.py --exp_name TestConfig --time_interval 10 --retrain 1 --dataset malware --verbose 1
Retrying at 2024-12-13 12:57: python train_model.py --exp_name TestConfig --time_interval 10 --retrain 1 --dataset malware --verbose 1
Command failed, retrying in 3 seconds: python train_model.py --exp_name TestConfig --time_interval 10 --retrain 1 --dataset malware --verbose 1
Retrying at 2024-12-13 13:01: python train_model.py --exp_name TestConfig --time_interval 10 --retrain 1 --dataset malware --verbose 1
Command failed, retrying in 3 seconds: python train_model.py --exp_name TestConfig --time_interval 10 --retrain 1 --dataset malware --verbose 1
Retrying at 2024-12-13 13:04: python train_model.py --exp_name TestConfig --time_interval 10 --retrain 1 --dataset malware --verbose 1
Command failed, retrying in 3 seconds: python train_model.py --exp_name TestConfig --time_interval 10 --retrain 1 --dataset malware --verbose 1
Retrying at 2024-12-13 13:07: python train_model.py --exp_name TestConfig --time_interval 10 --retrain 1 --dataset malware --verbose 1
Command failed, retrying in 3 seconds: python train_model.py --exp_name TestConfig --time_interval 10 --retrain 1 --dataset malware --verbose 1
Retrying at 2024-12-13 13:11: python train_model.py --exp_name TestConfig --time_interval 10 --retrain 1 --dataset malware --verbose 1
Command failed, retrying in 3 seconds: python train_model.py --exp_name TestConfig --time_interval 10 --retrain 1 --dataset malware --verbose 1
Retrying at 2024-12-13 13:14: python train_model.py --exp_name TestConfig --time_interval 10 --retrain 1 --dataset malware --verbose 1
Command failed, retrying in 3 seconds: python train_model.py --exp_name TestConfig --time_interval 10 --retrain 1 --dataset malware --verbose 1
Retrying at 2024-12-13 13:18: python train_model.py --exp_name TestConfig --time_interval 10 --retrain 1 --dataset malware --verbose 1
Command failed, retrying in 3 seconds: python train_model.py --exp_name TestConfig --time_interval 10 --retrain 1 --dataset malware --verbose 1
Retrying at 2024-12-13 13:21: python train_model.py --exp_name TestConfig --time_interval 10 --retrain 1 --dataset malware --verbose 1
Command failed, retrying in 3 seconds: python train_model.py --exp_name TestConfig --time_interval 10 --retrain 1 --dataset malware --verbose 1
Retrying at 2024-12-13 13:24: python train_model.py --exp_name TestConfig --time_interval 10 --retrain 1 --dataset malware --verbose 1
Command failed, retrying in 3 seconds: python train_model.py --exp_name TestConfig --time_interval 10 --retrain 1 --dataset malware --verbose 1
Retrying at 2024-12-13 13:28: python train_model.py --exp_name TestConfig --time_interval 10 --retrain 1 --dataset malware --verbose 1
Command failed, retrying in 3 seconds: python train_model.py --exp_name TestConfig --time_interval 10 --retrain 1 --dataset malware --verbose 1
Retrying at 2024-12-13 13:31: python train_model.py --exp_name TestConfig --time_interval 10 --retrain 1 --dataset malware --verbose 1
Command failed, retrying in 3 seconds: python train_model.py --exp_name TestConfig --time_interval 10 --retrain 1 --dataset malware --verbose 1
Retrying at 2024-12-13 13:35: python train_model.py --exp_name TestConfig --time_interval 10 --retrain 1 --dataset malware --verbose 1
Command failed, retrying in 3 seconds: python train_model.py --exp_name TestConfig --time_interval 10 --retrain 1 --dataset malware --verbose 1
Retrying at 2024-12-13 13:38: python train_model.py --exp_name TestConfig --time_interval 10 --retrain 1 --dataset malware --verbose 1
Command failed, retrying in 3 seconds: python train_model.py --exp_name TestConfig --time_interval 10 --retrain 1 --dataset malware --verbose 1
Retrying at 2024-12-13 13:42: python train_model.py --exp_name TestConfig --time_interval 10 --retrain 1 --dataset malware --verbose 1
Experiment Start!!!
Running at 2024-12-13 13:43: python train_model.py --exp_name TestConfig --time_interval 10 --retrain 1 --dataset malware --verbose 1
Command failed, retrying in 3 seconds: python train_model.py --exp_name TestConfig --time_interval 10 --retrain 1 --dataset malware --verbose 1
Retrying at 2024-12-13 13:45: python train_model.py --exp_name TestConfig --time_interval 10 --retrain 1 --dataset malware --verbose 1
Experiment Start!!!
Running at 2024-12-13 13:48: python train_model.py --exp_name TestConfig --time_interval 10 --retrain 1 --dataset malware --verbose 1
Running at 2024-12-13 13:50: python train_model.py --exp_name TestConfig --time_interval 50 --retrain 1 --dataset malware --verbose 1
Command failed, retrying in 3 seconds: python train_model.py --exp_name TestConfig --time_interval 50 --retrain 1 --dataset malware --verbose 1
Retrying at 2024-12-13 13:50: python train_model.py --exp_name TestConfig --time_interval 50 --retrain 1 --dataset malware --verbose 1
Command failed, retrying in 3 seconds: python train_model.py --exp_name TestConfig --time_interval 50 --retrain 1 --dataset malware --verbose 1
Retrying at 2024-12-13 13:50: python train_model.py --exp_name TestConfig --time_interval 50 --retrain 1 --dataset malware --verbose 1
Command failed, retrying in 3 seconds: python train_model.py --exp_name TestConfig --time_interval 50 --retrain 1 --dataset malware --verbose 1
Retrying at 2024-12-13 13:50: python train_model.py --exp_name TestConfig --time_interval 50 --retrain 1 --dataset malware --verbose 1
Command failed, retrying in 3 seconds: python train_model.py --exp_name TestConfig --time_interval 50 --retrain 1 --dataset malware --verbose 1
Retrying at 2024-12-13 13:50: python train_model.py --exp_name TestConfig --time_interval 50 --retrain 1 --dataset malware --verbose 1
Command failed, retrying in 3 seconds: python train_model.py --exp_name TestConfig --time_interval 50 --retrain 1 --dataset malware --verbose 1
Retrying at 2024-12-13 13:50: python train_model.py --exp_name TestConfig --time_interval 50 --retrain 1 --dataset malware --verbose 1
Command failed, retrying in 3 seconds: python train_model.py --exp_name TestConfig --time_interval 50 --retrain 1 --dataset malware --verbose 1
Retrying at 2024-12-13 13:50: python train_model.py --exp_name TestConfig --time_interval 50 --retrain 1 --dataset malware --verbose 1
Command failed, retrying in 3 seconds: python train_model.py --exp_name TestConfig --time_interval 50 --retrain 1 --dataset malware --verbose 1
Retrying at 2024-12-13 13:50: python train_model.py --exp_name TestConfig --time_interval 50 --retrain 1 --dataset malware --verbose 1
Command failed, retrying in 3 seconds: python train_model.py --exp_name TestConfig --time_interval 50 --retrain 1 --dataset malware --verbose 1
Retrying at 2024-12-13 13:51: python train_model.py --exp_name TestConfig --time_interval 50 --retrain 1 --dataset malware --verbose 1
Command failed, retrying in 3 seconds: python train_model.py --exp_name TestConfig --time_interval 50 --retrain 1 --dataset malware --verbose 1
Retrying at 2024-12-13 13:51: python train_model.py --exp_name TestConfig --time_interval 50 --retrain 1 --dataset malware --verbose 1
Command failed, retrying in 3 seconds: python train_model.py --exp_name TestConfig --time_interval 50 --retrain 1 --dataset malware --verbose 1
Retrying at 2024-12-13 13:51: python train_model.py --exp_name TestConfig --time_interval 50 --retrain 1 --dataset malware --verbose 1
Command failed, retrying in 3 seconds: python train_model.py --exp_name TestConfig --time_interval 50 --retrain 1 --dataset malware --verbose 1
Retrying at 2024-12-13 13:51: python train_model.py --exp_name TestConfig --time_interval 50 --retrain 1 --dataset malware --verbose 1
Command failed, retrying in 3 seconds: python train_model.py --exp_name TestConfig --time_interval 50 --retrain 1 --dataset malware --verbose 1
Retrying at 2024-12-13 13:51: python train_model.py --exp_name TestConfig --time_interval 50 --retrain 1 --dataset malware --verbose 1
Command failed, retrying in 3 seconds: python train_model.py --exp_name TestConfig --time_interval 50 --retrain 1 --dataset malware --verbose 1
Retrying at 2024-12-13 13:51: python train_model.py --exp_name TestConfig --time_interval 50 --retrain 1 --dataset malware --verbose 1
Command failed, retrying in 3 seconds: python train_model.py --exp_name TestConfig --time_interval 50 --retrain 1 --dataset malware --verbose 1
Retrying at 2024-12-13 13:51: python train_model.py --exp_name TestConfig --time_interval 50 --retrain 1 --dataset malware --verbose 1
Command failed, retrying in 3 seconds: python train_model.py --exp_name TestConfig --time_interval 50 --retrain 1 --dataset malware --verbose 1
Retrying at 2024-12-13 13:51: python train_model.py --exp_name TestConfig --time_interval 50 --retrain 1 --dataset malware --verbose 1
Command failed, retrying in 3 seconds: python train_model.py --exp_name TestConfig --time_interval 50 --retrain 1 --dataset malware --verbose 1
Retrying at 2024-12-13 13:51: python train_model.py --exp_name TestConfig --time_interval 50 --retrain 1 --dataset malware --verbose 1
Command failed, retrying in 3 seconds: python train_model.py --exp_name TestConfig --time_interval 50 --retrain 1 --dataset malware --verbose 1
Retrying at 2024-12-13 13:51: python train_model.py --exp_name TestConfig --time_interval 50 --retrain 1 --dataset malware --verbose 1
Command failed, retrying in 3 seconds: python train_model.py --exp_name TestConfig --time_interval 50 --retrain 1 --dataset malware --verbose 1
Retrying at 2024-12-13 13:52: python train_model.py --exp_name TestConfig --time_interval 50 --retrain 1 --dataset malware --verbose 1
Command failed, retrying in 3 seconds: python train_model.py --exp_name TestConfig --time_interval 50 --retrain 1 --dataset malware --verbose 1
Retrying at 2024-12-13 13:52: python train_model.py --exp_name TestConfig --time_interval 50 --retrain 1 --dataset malware --verbose 1
Command failed, retrying in 3 seconds: python train_model.py --exp_name TestConfig --time_interval 50 --retrain 1 --dataset malware --verbose 1
Retrying at 2024-12-13 13:52: python train_model.py --exp_name TestConfig --time_interval 50 --retrain 1 --dataset malware --verbose 1
Command failed, retrying in 3 seconds: python train_model.py --exp_name TestConfig --time_interval 50 --retrain 1 --dataset malware --verbose 1
Retrying at 2024-12-13 13:52: python train_model.py --exp_name TestConfig --time_interval 50 --retrain 1 --dataset malware --verbose 1
Command failed, retrying in 3 seconds: python train_model.py --exp_name TestConfig --time_interval 50 --retrain 1 --dataset malware --verbose 1
Retrying at 2024-12-13 13:52: python train_model.py --exp_name TestConfig --time_interval 50 --retrain 1 --dataset malware --verbose 1
Command failed, retrying in 3 seconds: python train_model.py --exp_name TestConfig --time_interval 50 --retrain 1 --dataset malware --verbose 1
Retrying at 2024-12-13 13:52: python train_model.py --exp_name TestConfig --time_interval 50 --retrain 1 --dataset malware --verbose 1
Command failed, retrying in 3 seconds: python train_model.py --exp_name TestConfig --time_interval 50 --retrain 1 --dataset malware --verbose 1
Retrying at 2024-12-13 13:52: python train_model.py --exp_name TestConfig --time_interval 50 --retrain 1 --dataset malware --verbose 1
Command failed, retrying in 3 seconds: python train_model.py --exp_name TestConfig --time_interval 50 --retrain 1 --dataset malware --verbose 1
Retrying at 2024-12-13 13:52: python train_model.py --exp_name TestConfig --time_interval 50 --retrain 1 --dataset malware --verbose 1
Command failed, retrying in 3 seconds: python train_model.py --exp_name TestConfig --time_interval 50 --retrain 1 --dataset malware --verbose 1
Retrying at 2024-12-13 13:52: python train_model.py --exp_name TestConfig --time_interval 50 --retrain 1 --dataset malware --verbose 1
Command failed, retrying in 3 seconds: python train_model.py --exp_name TestConfig --time_interval 50 --retrain 1 --dataset malware --verbose 1
Retrying at 2024-12-13 13:52: python train_model.py --exp_name TestConfig --time_interval 50 --retrain 1 --dataset malware --verbose 1
Command failed, retrying in 3 seconds: python train_model.py --exp_name TestConfig --time_interval 50 --retrain 1 --dataset malware --verbose 1
Retrying at 2024-12-13 13:53: python train_model.py --exp_name TestConfig --time_interval 50 --retrain 1 --dataset malware --verbose 1
Command failed, retrying in 3 seconds: python train_model.py --exp_name TestConfig --time_interval 50 --retrain 1 --dataset malware --verbose 1
Retrying at 2024-12-13 13:53: python train_model.py --exp_name TestConfig --time_interval 50 --retrain 1 --dataset malware --verbose 1
Command failed, retrying in 3 seconds: python train_model.py --exp_name TestConfig --time_interval 50 --retrain 1 --dataset malware --verbose 1
Retrying at 2024-12-13 13:53: python train_model.py --exp_name TestConfig --time_interval 50 --retrain 1 --dataset malware --verbose 1
Command failed, retrying in 3 seconds: python train_model.py --exp_name TestConfig --time_interval 50 --retrain 1 --dataset malware --verbose 1
Retrying at 2024-12-13 13:53: python train_model.py --exp_name TestConfig --time_interval 50 --retrain 1 --dataset malware --verbose 1
Command failed, retrying in 3 seconds: python train_model.py --exp_name TestConfig --time_interval 50 --retrain 1 --dataset malware --verbose 1
Retrying at 2024-12-13 13:53: python train_model.py --exp_name TestConfig --time_interval 50 --retrain 1 --dataset malware --verbose 1
Command failed, retrying in 3 seconds: python train_model.py --exp_name TestConfig --time_interval 50 --retrain 1 --dataset malware --verbose 1
Retrying at 2024-12-13 13:53: python train_model.py --exp_name TestConfig --time_interval 50 --retrain 1 --dataset malware --verbose 1
Command failed, retrying in 3 seconds: python train_model.py --exp_name TestConfig --time_interval 50 --retrain 1 --dataset malware --verbose 1
Retrying at 2024-12-13 13:53: python train_model.py --exp_name TestConfig --time_interval 50 --retrain 1 --dataset malware --verbose 1
Command failed, retrying in 3 seconds: python train_model.py --exp_name TestConfig --time_interval 50 --retrain 1 --dataset malware --verbose 1
Retrying at 2024-12-13 13:53: python train_model.py --exp_name TestConfig --time_interval 50 --retrain 1 --dataset malware --verbose 1
Command failed, retrying in 3 seconds: python train_model.py --exp_name TestConfig --time_interval 50 --retrain 1 --dataset malware --verbose 1
Retrying at 2024-12-13 13:53: python train_model.py --exp_name TestConfig --time_interval 50 --retrain 1 --dataset malware --verbose 1
Command failed, retrying in 3 seconds: python train_model.py --exp_name TestConfig --time_interval 50 --retrain 1 --dataset malware --verbose 1
Retrying at 2024-12-13 13:53: python train_model.py --exp_name TestConfig --time_interval 50 --retrain 1 --dataset malware --verbose 1
Command failed, retrying in 3 seconds: python train_model.py --exp_name TestConfig --time_interval 50 --retrain 1 --dataset malware --verbose 1
Retrying at 2024-12-13 13:54: python train_model.py --exp_name TestConfig --time_interval 50 --retrain 1 --dataset malware --verbose 1
Command failed, retrying in 3 seconds: python train_model.py --exp_name TestConfig --time_interval 50 --retrain 1 --dataset malware --verbose 1
Retrying at 2024-12-13 13:54: python train_model.py --exp_name TestConfig --time_interval 50 --retrain 1 --dataset malware --verbose 1
Command failed, retrying in 3 seconds: python train_model.py --exp_name TestConfig --time_interval 50 --retrain 1 --dataset malware --verbose 1
Retrying at 2024-12-13 13:54: python train_model.py --exp_name TestConfig --time_interval 50 --retrain 1 --dataset malware --verbose 1
Command failed, retrying in 3 seconds: python train_model.py --exp_name TestConfig --time_interval 50 --retrain 1 --dataset malware --verbose 1
Retrying at 2024-12-13 13:54: python train_model.py --exp_name TestConfig --time_interval 50 --retrain 1 --dataset malware --verbose 1
Command failed, retrying in 3 seconds: python train_model.py --exp_name TestConfig --time_interval 50 --retrain 1 --dataset malware --verbose 1
Retrying at 2024-12-13 13:54: python train_model.py --exp_name TestConfig --time_interval 50 --retrain 1 --dataset malware --verbose 1
Command failed, retrying in 3 seconds: python train_model.py --exp_name TestConfig --time_interval 50 --retrain 1 --dataset malware --verbose 1
Retrying at 2024-12-13 13:54: python train_model.py --exp_name TestConfig --time_interval 50 --retrain 1 --dataset malware --verbose 1
Command failed, retrying in 3 seconds: python train_model.py --exp_name TestConfig --time_interval 50 --retrain 1 --dataset malware --verbose 1
Retrying at 2024-12-13 13:54: python train_model.py --exp_name TestConfig --time_interval 50 --retrain 1 --dataset malware --verbose 1
Command failed, retrying in 3 seconds: python train_model.py --exp_name TestConfig --time_interval 50 --retrain 1 --dataset malware --verbose 1
Retrying at 2024-12-13 13:54: python train_model.py --exp_name TestConfig --time_interval 50 --retrain 1 --dataset malware --verbose 1
Command failed, retrying in 3 seconds: python train_model.py --exp_name TestConfig --time_interval 50 --retrain 1 --dataset malware --verbose 1
Retrying at 2024-12-13 13:54: python train_model.py --exp_name TestConfig --time_interval 50 --retrain 1 --dataset malware --verbose 1
Command failed, retrying in 3 seconds: python train_model.py --exp_name TestConfig --time_interval 50 --retrain 1 --dataset malware --verbose 1
Retrying at 2024-12-13 13:54: python train_model.py --exp_name TestConfig --time_interval 50 --retrain 1 --dataset malware --verbose 1
Command failed, retrying in 3 seconds: python train_model.py --exp_name TestConfig --time_interval 50 --retrain 1 --dataset malware --verbose 1
Retrying at 2024-12-13 13:55: python train_model.py --exp_name TestConfig --time_interval 50 --retrain 1 --dataset malware --verbose 1
Command failed, retrying in 3 seconds: python train_model.py --exp_name TestConfig --time_interval 50 --retrain 1 --dataset malware --verbose 1
Retrying at 2024-12-13 13:55: python train_model.py --exp_name TestConfig --time_interval 50 --retrain 1 --dataset malware --verbose 1
Command failed, retrying in 3 seconds: python train_model.py --exp_name TestConfig --time_interval 50 --retrain 1 --dataset malware --verbose 1
Retrying at 2024-12-13 13:55: python train_model.py --exp_name TestConfig --time_interval 50 --retrain 1 --dataset malware --verbose 1
Command failed, retrying in 3 seconds: python train_model.py --exp_name TestConfig --time_interval 50 --retrain 1 --dataset malware --verbose 1
Retrying at 2024-12-13 13:55: python train_model.py --exp_name TestConfig --time_interval 50 --retrain 1 --dataset malware --verbose 1
Command failed, retrying in 3 seconds: python train_model.py --exp_name TestConfig --time_interval 50 --retrain 1 --dataset malware --verbose 1
Retrying at 2024-12-13 13:55: python train_model.py --exp_name TestConfig --time_interval 50 --retrain 1 --dataset malware --verbose 1
Command failed, retrying in 3 seconds: python train_model.py --exp_name TestConfig --time_interval 50 --retrain 1 --dataset malware --verbose 1
Retrying at 2024-12-13 13:55: python train_model.py --exp_name TestConfig --time_interval 50 --retrain 1 --dataset malware --verbose 1
Command failed, retrying in 3 seconds: python train_model.py --exp_name TestConfig --time_interval 50 --retrain 1 --dataset malware --verbose 1
Retrying at 2024-12-13 13:55: python train_model.py --exp_name TestConfig --time_interval 50 --retrain 1 --dataset malware --verbose 1
Command failed, retrying in 3 seconds: python train_model.py --exp_name TestConfig --time_interval 50 --retrain 1 --dataset malware --verbose 1
Retrying at 2024-12-13 13:55: python train_model.py --exp_name TestConfig --time_interval 50 --retrain 1 --dataset malware --verbose 1
Command failed, retrying in 3 seconds: python train_model.py --exp_name TestConfig --time_interval 50 --retrain 1 --dataset malware --verbose 1
Retrying at 2024-12-13 13:55: python train_model.py --exp_name TestConfig --time_interval 50 --retrain 1 --dataset malware --verbose 1
Command failed, retrying in 3 seconds: python train_model.py --exp_name TestConfig --time_interval 50 --retrain 1 --dataset malware --verbose 1
Retrying at 2024-12-13 13:55: python train_model.py --exp_name TestConfig --time_interval 50 --retrain 1 --dataset malware --verbose 1
Command failed, retrying in 3 seconds: python train_model.py --exp_name TestConfig --time_interval 50 --retrain 1 --dataset malware --verbose 1
Retrying at 2024-12-13 13:56: python train_model.py --exp_name TestConfig --time_interval 50 --retrain 1 --dataset malware --verbose 1
Command failed, retrying in 3 seconds: python train_model.py --exp_name TestConfig --time_interval 50 --retrain 1 --dataset malware --verbose 1
Retrying at 2024-12-13 13:56: python train_model.py --exp_name TestConfig --time_interval 50 --retrain 1 --dataset malware --verbose 1
Command failed, retrying in 3 seconds: python train_model.py --exp_name TestConfig --time_interval 50 --retrain 1 --dataset malware --verbose 1
Retrying at 2024-12-13 13:56: python train_model.py --exp_name TestConfig --time_interval 50 --retrain 1 --dataset malware --verbose 1
Command failed, retrying in 3 seconds: python train_model.py --exp_name TestConfig --time_interval 50 --retrain 1 --dataset malware --verbose 1
Retrying at 2024-12-13 13:56: python train_model.py --exp_name TestConfig --time_interval 50 --retrain 1 --dataset malware --verbose 1
Command failed, retrying in 3 seconds: python train_model.py --exp_name TestConfig --time_interval 50 --retrain 1 --dataset malware --verbose 1
Retrying at 2024-12-13 13:56: python train_model.py --exp_name TestConfig --time_interval 50 --retrain 1 --dataset malware --verbose 1
Command failed, retrying in 3 seconds: python train_model.py --exp_name TestConfig --time_interval 50 --retrain 1 --dataset malware --verbose 1
Retrying at 2024-12-13 13:56: python train_model.py --exp_name TestConfig --time_interval 50 --retrain 1 --dataset malware --verbose 1
Command failed, retrying in 3 seconds: python train_model.py --exp_name TestConfig --time_interval 50 --retrain 1 --dataset malware --verbose 1
Retrying at 2024-12-13 13:56: python train_model.py --exp_name TestConfig --time_interval 50 --retrain 1 --dataset malware --verbose 1
Command failed, retrying in 3 seconds: python train_model.py --exp_name TestConfig --time_interval 50 --retrain 1 --dataset malware --verbose 1
Retrying at 2024-12-13 13:56: python train_model.py --exp_name TestConfig --time_interval 50 --retrain 1 --dataset malware --verbose 1
Command failed, retrying in 3 seconds: python train_model.py --exp_name TestConfig --time_interval 50 --retrain 1 --dataset malware --verbose 1
Retrying at 2024-12-13 13:56: python train_model.py --exp_name TestConfig --time_interval 50 --retrain 1 --dataset malware --verbose 1
Command failed, retrying in 3 seconds: python train_model.py --exp_name TestConfig --time_interval 50 --retrain 1 --dataset malware --verbose 1
Retrying at 2024-12-13 13:56: python train_model.py --exp_name TestConfig --time_interval 50 --retrain 1 --dataset malware --verbose 1
Command failed, retrying in 3 seconds: python train_model.py --exp_name TestConfig --time_interval 50 --retrain 1 --dataset malware --verbose 1
Retrying at 2024-12-13 13:57: python train_model.py --exp_name TestConfig --time_interval 50 --retrain 1 --dataset malware --verbose 1
Command failed, retrying in 3 seconds: python train_model.py --exp_name TestConfig --time_interval 50 --retrain 1 --dataset malware --verbose 1
Retrying at 2024-12-13 13:57: python train_model.py --exp_name TestConfig --time_interval 50 --retrain 1 --dataset malware --verbose 1
Command failed, retrying in 3 seconds: python train_model.py --exp_name TestConfig --time_interval 50 --retrain 1 --dataset malware --verbose 1
Retrying at 2024-12-13 13:57: python train_model.py --exp_name TestConfig --time_interval 50 --retrain 1 --dataset malware --verbose 1
Command failed, retrying in 3 seconds: python train_model.py --exp_name TestConfig --time_interval 50 --retrain 1 --dataset malware --verbose 1
Retrying at 2024-12-13 13:57: python train_model.py --exp_name TestConfig --time_interval 50 --retrain 1 --dataset malware --verbose 1
Command failed, retrying in 3 seconds: python train_model.py --exp_name TestConfig --time_interval 50 --retrain 1 --dataset malware --verbose 1
Retrying at 2024-12-13 13:57: python train_model.py --exp_name TestConfig --time_interval 50 --retrain 1 --dataset malware --verbose 1
Command failed, retrying in 3 seconds: python train_model.py --exp_name TestConfig --time_interval 50 --retrain 1 --dataset malware --verbose 1
Retrying at 2024-12-13 13:57: python train_model.py --exp_name TestConfig --time_interval 50 --retrain 1 --dataset malware --verbose 1
Command failed, retrying in 3 seconds: python train_model.py --exp_name TestConfig --time_interval 50 --retrain 1 --dataset malware --verbose 1
Retrying at 2024-12-13 13:57: python train_model.py --exp_name TestConfig --time_interval 50 --retrain 1 --dataset malware --verbose 1
Command failed, retrying in 3 seconds: python train_model.py --exp_name TestConfig --time_interval 50 --retrain 1 --dataset malware --verbose 1
Retrying at 2024-12-13 13:57: python train_model.py --exp_name TestConfig --time_interval 50 --retrain 1 --dataset malware --verbose 1
Command failed, retrying in 3 seconds: python train_model.py --exp_name TestConfig --time_interval 50 --retrain 1 --dataset malware --verbose 1
Retrying at 2024-12-13 13:57: python train_model.py --exp_name TestConfig --time_interval 50 --retrain 1 --dataset malware --verbose 1
Command failed, retrying in 3 seconds: python train_model.py --exp_name TestConfig --time_interval 50 --retrain 1 --dataset malware --verbose 1
Retrying at 2024-12-13 13:57: python train_model.py --exp_name TestConfig --time_interval 50 --retrain 1 --dataset malware --verbose 1
Command failed, retrying in 3 seconds: python train_model.py --exp_name TestConfig --time_interval 50 --retrain 1 --dataset malware --verbose 1
Retrying at 2024-12-13 13:58: python train_model.py --exp_name TestConfig --time_interval 50 --retrain 1 --dataset malware --verbose 1
Command failed, retrying in 3 seconds: python train_model.py --exp_name TestConfig --time_interval 50 --retrain 1 --dataset malware --verbose 1
Retrying at 2024-12-13 13:58: python train_model.py --exp_name TestConfig --time_interval 50 --retrain 1 --dataset malware --verbose 1
Command failed, retrying in 3 seconds: python train_model.py --exp_name TestConfig --time_interval 50 --retrain 1 --dataset malware --verbose 1
Retrying at 2024-12-13 13:58: python train_model.py --exp_name TestConfig --time_interval 50 --retrain 1 --dataset malware --verbose 1
Command failed, retrying in 3 seconds: python train_model.py --exp_name TestConfig --time_interval 50 --retrain 1 --dataset malware --verbose 1
Retrying at 2024-12-13 13:58: python train_model.py --exp_name TestConfig --time_interval 50 --retrain 1 --dataset malware --verbose 1
Command failed, retrying in 3 seconds: python train_model.py --exp_name TestConfig --time_interval 50 --retrain 1 --dataset malware --verbose 1
Retrying at 2024-12-13 13:58: python train_model.py --exp_name TestConfig --time_interval 50 --retrain 1 --dataset malware --verbose 1
Command failed, retrying in 3 seconds: python train_model.py --exp_name TestConfig --time_interval 50 --retrain 1 --dataset malware --verbose 1
Retrying at 2024-12-13 13:58: python train_model.py --exp_name TestConfig --time_interval 50 --retrain 1 --dataset malware --verbose 1
Command failed, retrying in 3 seconds: python train_model.py --exp_name TestConfig --time_interval 50 --retrain 1 --dataset malware --verbose 1
Retrying at 2024-12-13 13:58: python train_model.py --exp_name TestConfig --time_interval 50 --retrain 1 --dataset malware --verbose 1
Command failed, retrying in 3 seconds: python train_model.py --exp_name TestConfig --time_interval 50 --retrain 1 --dataset malware --verbose 1
Retrying at 2024-12-13 13:58: python train_model.py --exp_name TestConfig --time_interval 50 --retrain 1 --dataset malware --verbose 1
Command failed, retrying in 3 seconds: python train_model.py --exp_name TestConfig --time_interval 50 --retrain 1 --dataset malware --verbose 1
Retrying at 2024-12-13 13:58: python train_model.py --exp_name TestConfig --time_interval 50 --retrain 1 --dataset malware --verbose 1
Command failed, retrying in 3 seconds: python train_model.py --exp_name TestConfig --time_interval 50 --retrain 1 --dataset malware --verbose 1
Retrying at 2024-12-13 13:58: python train_model.py --exp_name TestConfig --time_interval 50 --retrain 1 --dataset malware --verbose 1
Command failed, retrying in 3 seconds: python train_model.py --exp_name TestConfig --time_interval 50 --retrain 1 --dataset malware --verbose 1
Retrying at 2024-12-13 13:59: python train_model.py --exp_name TestConfig --time_interval 50 --retrain 1 --dataset malware --verbose 1
Command failed, retrying in 3 seconds: python train_model.py --exp_name TestConfig --time_interval 50 --retrain 1 --dataset malware --verbose 1
Retrying at 2024-12-13 13:59: python train_model.py --exp_name TestConfig --time_interval 50 --retrain 1 --dataset malware --verbose 1
Command failed, retrying in 3 seconds: python train_model.py --exp_name TestConfig --time_interval 50 --retrain 1 --dataset malware --verbose 1
Retrying at 2024-12-13 13:59: python train_model.py --exp_name TestConfig --time_interval 50 --retrain 1 --dataset malware --verbose 1
Command failed, retrying in 3 seconds: python train_model.py --exp_name TestConfig --time_interval 50 --retrain 1 --dataset malware --verbose 1
Retrying at 2024-12-13 13:59: python train_model.py --exp_name TestConfig --time_interval 50 --retrain 1 --dataset malware --verbose 1
Command failed, retrying in 3 seconds: python train_model.py --exp_name TestConfig --time_interval 50 --retrain 1 --dataset malware --verbose 1
Retrying at 2024-12-13 13:59: python train_model.py --exp_name TestConfig --time_interval 50 --retrain 1 --dataset malware --verbose 1
Command failed, retrying in 3 seconds: python train_model.py --exp_name TestConfig --time_interval 50 --retrain 1 --dataset malware --verbose 1
Retrying at 2024-12-13 13:59: python train_model.py --exp_name TestConfig --time_interval 50 --retrain 1 --dataset malware --verbose 1
Command failed, retrying in 3 seconds: python train_model.py --exp_name TestConfig --time_interval 50 --retrain 1 --dataset malware --verbose 1
Retrying at 2024-12-13 13:59: python train_model.py --exp_name TestConfig --time_interval 50 --retrain 1 --dataset malware --verbose 1
Command failed, retrying in 3 seconds: python train_model.py --exp_name TestConfig --time_interval 50 --retrain 1 --dataset malware --verbose 1
Retrying at 2024-12-13 13:59: python train_model.py --exp_name TestConfig --time_interval 50 --retrain 1 --dataset malware --verbose 1
Command failed, retrying in 3 seconds: python train_model.py --exp_name TestConfig --time_interval 50 --retrain 1 --dataset malware --verbose 1
Retrying at 2024-12-13 13:59: python train_model.py --exp_name TestConfig --time_interval 50 --retrain 1 --dataset malware --verbose 1
Experiment Start!!!
Running at 2024-12-13 14:00: python train_model.py --exp_name TestConfig --time_interval 10 --retrain 1 --dataset malware --verbose 1
Running at 2024-12-13 14:02: python train_model.py --exp_name TestConfig --time_interval 50 --retrain 1 --dataset malware --verbose 1
Command failed, retrying in 3 seconds: python train_model.py --exp_name TestConfig --time_interval 50 --retrain 1 --dataset malware --verbose 1
Retrying at 2024-12-13 14:02: python train_model.py --exp_name TestConfig --time_interval 50 --retrain 1 --dataset malware --verbose 1
Command failed, retrying in 3 seconds: python train_model.py --exp_name TestConfig --time_interval 50 --retrain 1 --dataset malware --verbose 1
Retrying at 2024-12-13 14:02: python train_model.py --exp_name TestConfig --time_interval 50 --retrain 1 --dataset malware --verbose 1
Command failed, retrying in 3 seconds: python train_model.py --exp_name TestConfig --time_interval 50 --retrain 1 --dataset malware --verbose 1
Retrying at 2024-12-13 14:02: python train_model.py --exp_name TestConfig --time_interval 50 --retrain 1 --dataset malware --verbose 1
Command failed, retrying in 3 seconds: python train_model.py --exp_name TestConfig --time_interval 50 --retrain 1 --dataset malware --verbose 1
Retrying at 2024-12-13 14:03: python train_model.py --exp_name TestConfig --time_interval 50 --retrain 1 --dataset malware --verbose 1
Command failed, retrying in 3 seconds: python train_model.py --exp_name TestConfig --time_interval 50 --retrain 1 --dataset malware --verbose 1
Retrying at 2024-12-13 14:03: python train_model.py --exp_name TestConfig --time_interval 50 --retrain 1 --dataset malware --verbose 1
Command failed, retrying in 3 seconds: python train_model.py --exp_name TestConfig --time_interval 50 --retrain 1 --dataset malware --verbose 1
Retrying at 2024-12-13 14:03: python train_model.py --exp_name TestConfig --time_interval 50 --retrain 1 --dataset malware --verbose 1
Command failed, retrying in 3 seconds: python train_model.py --exp_name TestConfig --time_interval 50 --retrain 1 --dataset malware --verbose 1
Retrying at 2024-12-13 14:03: python train_model.py --exp_name TestConfig --time_interval 50 --retrain 1 --dataset malware --verbose 1
Command failed, retrying in 3 seconds: python train_model.py --exp_name TestConfig --time_interval 50 --retrain 1 --dataset malware --verbose 1
Retrying at 2024-12-13 14:03: python train_model.py --exp_name TestConfig --time_interval 50 --retrain 1 --dataset malware --verbose 1
Command failed, retrying in 3 seconds: python train_model.py --exp_name TestConfig --time_interval 50 --retrain 1 --dataset malware --verbose 1
Retrying at 2024-12-13 14:03: python train_model.py --exp_name TestConfig --time_interval 50 --retrain 1 --dataset malware --verbose 1
Command failed, retrying in 3 seconds: python train_model.py --exp_name TestConfig --time_interval 50 --retrain 1 --dataset malware --verbose 1
Retrying at 2024-12-13 14:03: python train_model.py --exp_name TestConfig --time_interval 50 --retrain 1 --dataset malware --verbose 1
Command failed, retrying in 3 seconds: python train_model.py --exp_name TestConfig --time_interval 50 --retrain 1 --dataset malware --verbose 1
Retrying at 2024-12-13 14:03: python train_model.py --exp_name TestConfig --time_interval 50 --retrain 1 --dataset malware --verbose 1
Command failed, retrying in 3 seconds: python train_model.py --exp_name TestConfig --time_interval 50 --retrain 1 --dataset malware --verbose 1
Retrying at 2024-12-13 14:03: python train_model.py --exp_name TestConfig --time_interval 50 --retrain 1 --dataset malware --verbose 1
Command failed, retrying in 3 seconds: python train_model.py --exp_name TestConfig --time_interval 50 --retrain 1 --dataset malware --verbose 1
Retrying at 2024-12-13 14:03: python train_model.py --exp_name TestConfig --time_interval 50 --retrain 1 --dataset malware --verbose 1
Command failed, retrying in 3 seconds: python train_model.py --exp_name TestConfig --time_interval 50 --retrain 1 --dataset malware --verbose 1
Retrying at 2024-12-13 14:04: python train_model.py --exp_name TestConfig --time_interval 50 --retrain 1 --dataset malware --verbose 1
Command failed, retrying in 3 seconds: python train_model.py --exp_name TestConfig --time_interval 50 --retrain 1 --dataset malware --verbose 1
Retrying at 2024-12-13 14:04: python train_model.py --exp_name TestConfig --time_interval 50 --retrain 1 --dataset malware --verbose 1
Command failed, retrying in 3 seconds: python train_model.py --exp_name TestConfig --time_interval 50 --retrain 1 --dataset malware --verbose 1
Retrying at 2024-12-13 14:04: python train_model.py --exp_name TestConfig --time_interval 50 --retrain 1 --dataset malware --verbose 1
Command failed, retrying in 3 seconds: python train_model.py --exp_name TestConfig --time_interval 50 --retrain 1 --dataset malware --verbose 1
Retrying at 2024-12-13 14:04: python train_model.py --exp_name TestConfig --time_interval 50 --retrain 1 --dataset malware --verbose 1
Command failed, retrying in 3 seconds: python train_model.py --exp_name TestConfig --time_interval 50 --retrain 1 --dataset malware --verbose 1
Retrying at 2024-12-13 14:04: python train_model.py --exp_name TestConfig --time_interval 50 --retrain 1 --dataset malware --verbose 1
Command failed, retrying in 3 seconds: python train_model.py --exp_name TestConfig --time_interval 50 --retrain 1 --dataset malware --verbose 1
Retrying at 2024-12-13 14:04: python train_model.py --exp_name TestConfig --time_interval 50 --retrain 1 --dataset malware --verbose 1
Command failed, retrying in 3 seconds: python train_model.py --exp_name TestConfig --time_interval 50 --retrain 1 --dataset malware --verbose 1
Retrying at 2024-12-13 14:04: python train_model.py --exp_name TestConfig --time_interval 50 --retrain 1 --dataset malware --verbose 1
Command failed, retrying in 3 seconds: python train_model.py --exp_name TestConfig --time_interval 50 --retrain 1 --dataset malware --verbose 1
Retrying at 2024-12-13 14:04: python train_model.py --exp_name TestConfig --time_interval 50 --retrain 1 --dataset malware --verbose 1
Command failed, retrying in 3 seconds: python train_model.py --exp_name TestConfig --time_interval 50 --retrain 1 --dataset malware --verbose 1
Retrying at 2024-12-13 14:04: python train_model.py --exp_name TestConfig --time_interval 50 --retrain 1 --dataset malware --verbose 1
Command failed, retrying in 3 seconds: python train_model.py --exp_name TestConfig --time_interval 50 --retrain 1 --dataset malware --verbose 1
Retrying at 2024-12-13 14:04: python train_model.py --exp_name TestConfig --time_interval 50 --retrain 1 --dataset malware --verbose 1
Command failed, retrying in 3 seconds: python train_model.py --exp_name TestConfig --time_interval 50 --retrain 1 --dataset malware --verbose 1
Retrying at 2024-12-13 14:05: python train_model.py --exp_name TestConfig --time_interval 50 --retrain 1 --dataset malware --verbose 1
Command failed, retrying in 3 seconds: python train_model.py --exp_name TestConfig --time_interval 50 --retrain 1 --dataset malware --verbose 1
Retrying at 2024-12-13 14:05: python train_model.py --exp_name TestConfig --time_interval 50 --retrain 1 --dataset malware --verbose 1
Command failed, retrying in 3 seconds: python train_model.py --exp_name TestConfig --time_interval 50 --retrain 1 --dataset malware --verbose 1
Experiment Start!!!
Running at 2024-12-13 14:05: python train_model.py --exp_name TestConfig --time_interval 10 --retrain 1 --dataset malware
Experiment Start!!!
Running at 2024-12-13 14:07: python train_model.py --exp_name TestConfig --time_interval 10 --retrain 1 --dataset malware
Experiment Start!!!
Running at 2024-12-13 14:07: python train_model.py --exp_name TestConfig --time_interval 10 --retrain 1 --dataset malware
Experiment Start!!!
Running at 2024-12-13 14:08: python train_model.py --exp_name TestConfig --time_interval 10 --retrain 1 --dataset malware
Experiment Start!!!
Running at 2024-12-13 14:08: python train_model.py --exp_name TestConfig --time_interval 10 --retrain 1 --dataset malware
Running at 2024-12-13 14:08: python train_model.py --exp_name TestConfig --time_interval 50 --retrain 1 --dataset malware
Command failed, retrying in 3 seconds: python train_model.py --exp_name TestConfig --time_interval 50 --retrain 1 --dataset malware
Retrying at 2024-12-13 14:08: python train_model.py --exp_name TestConfig --time_interval 50 --retrain 1 --dataset malware
Command failed, retrying in 3 seconds: python train_model.py --exp_name TestConfig --time_interval 50 --retrain 1 --dataset malware
Retrying at 2024-12-13 14:08: python train_model.py --exp_name TestConfig --time_interval 50 --retrain 1 --dataset malware
Command failed, retrying in 3 seconds: python train_model.py --exp_name TestConfig --time_interval 50 --retrain 1 --dataset malware
Retrying at 2024-12-13 14:08: python train_model.py --exp_name TestConfig --time_interval 50 --retrain 1 --dataset malware
Command failed, retrying in 3 seconds: python train_model.py --exp_name TestConfig --time_interval 50 --retrain 1 --dataset malware
Retrying at 2024-12-13 14:09: python train_model.py --exp_name TestConfig --time_interval 50 --retrain 1 --dataset malware
Command failed, retrying in 3 seconds: python train_model.py --exp_name TestConfig --time_interval 50 --retrain 1 --dataset malware
Retrying at 2024-12-13 14:09: python train_model.py --exp_name TestConfig --time_interval 50 --retrain 1 --dataset malware
Command failed, retrying in 3 seconds: python train_model.py --exp_name TestConfig --time_interval 50 --retrain 1 --dataset malware
Retrying at 2024-12-13 14:09: python train_model.py --exp_name TestConfig --time_interval 50 --retrain 1 --dataset malware
Command failed, retrying in 3 seconds: python train_model.py --exp_name TestConfig --time_interval 50 --retrain 1 --dataset malware
Retrying at 2024-12-13 14:09: python train_model.py --exp_name TestConfig --time_interval 50 --retrain 1 --dataset malware
Command failed, retrying in 3 seconds: python train_model.py --exp_name TestConfig --time_interval 50 --retrain 1 --dataset malware
Retrying at 2024-12-13 14:09: python train_model.py --exp_name TestConfig --time_interval 50 --retrain 1 --dataset malware
Command failed, retrying in 3 seconds: python train_model.py --exp_name TestConfig --time_interval 50 --retrain 1 --dataset malware
Retrying at 2024-12-13 14:09: python train_model.py --exp_name TestConfig --time_interval 50 --retrain 1 --dataset malware
Command failed, retrying in 3 seconds: python train_model.py --exp_name TestConfig --time_interval 50 --retrain 1 --dataset malware
Retrying at 2024-12-13 14:09: python train_model.py --exp_name TestConfig --time_interval 50 --retrain 1 --dataset malware
Command failed, retrying in 3 seconds: python train_model.py --exp_name TestConfig --time_interval 50 --retrain 1 --dataset malware
Retrying at 2024-12-13 14:09: python train_model.py --exp_name TestConfig --time_interval 50 --retrain 1 --dataset malware
Command failed, retrying in 3 seconds: python train_model.py --exp_name TestConfig --time_interval 50 --retrain 1 --dataset malware
Retrying at 2024-12-13 14:09: python train_model.py --exp_name TestConfig --time_interval 50 --retrain 1 --dataset malware
Command failed, retrying in 3 seconds: python train_model.py --exp_name TestConfig --time_interval 50 --retrain 1 --dataset malware
Retrying at 2024-12-13 14:09: python train_model.py --exp_name TestConfig --time_interval 50 --retrain 1 --dataset malware
Command failed, retrying in 3 seconds: python train_model.py --exp_name TestConfig --time_interval 50 --retrain 1 --dataset malware
Retrying at 2024-12-13 14:10: python train_model.py --exp_name TestConfig --time_interval 50 --retrain 1 --dataset malware
Command failed, retrying in 3 seconds: python train_model.py --exp_name TestConfig --time_interval 50 --retrain 1 --dataset malware
Retrying at 2024-12-13 14:10: python train_model.py --exp_name TestConfig --time_interval 50 --retrain 1 --dataset malware
Command failed, retrying in 3 seconds: python train_model.py --exp_name TestConfig --time_interval 50 --retrain 1 --dataset malware
Retrying at 2024-12-13 14:10: python train_model.py --exp_name TestConfig --time_interval 50 --retrain 1 --dataset malware
Command failed, retrying in 3 seconds: python train_model.py --exp_name TestConfig --time_interval 50 --retrain 1 --dataset malware
Retrying at 2024-12-13 14:10: python train_model.py --exp_name TestConfig --time_interval 50 --retrain 1 --dataset malware
Command failed, retrying in 3 seconds: python train_model.py --exp_name TestConfig --time_interval 50 --retrain 1 --dataset malware
Retrying at 2024-12-13 14:10: python train_model.py --exp_name TestConfig --time_interval 50 --retrain 1 --dataset malware
Command failed, retrying in 3 seconds: python train_model.py --exp_name TestConfig --time_interval 50 --retrain 1 --dataset malware
Retrying at 2024-12-13 14:10: python train_model.py --exp_name TestConfig --time_interval 50 --retrain 1 --dataset malware
Command failed, retrying in 3 seconds: python train_model.py --exp_name TestConfig --time_interval 50 --retrain 1 --dataset malware
Retrying at 2024-12-13 14:10: python train_model.py --exp_name TestConfig --time_interval 50 --retrain 1 --dataset malware
Command failed, retrying in 3 seconds: python train_model.py --exp_name TestConfig --time_interval 50 --retrain 1 --dataset malware
Retrying at 2024-12-13 14:10: python train_model.py --exp_name TestConfig --time_interval 50 --retrain 1 --dataset malware
Command failed, retrying in 3 seconds: python train_model.py --exp_name TestConfig --time_interval 50 --retrain 1 --dataset malware
Retrying at 2024-12-13 14:10: python train_model.py --exp_name TestConfig --time_interval 50 --retrain 1 --dataset malware
Command failed, retrying in 3 seconds: python train_model.py --exp_name TestConfig --time_interval 50 --retrain 1 --dataset malware
Retrying at 2024-12-13 14:10: python train_model.py --exp_name TestConfig --time_interval 50 --retrain 1 --dataset malware
Command failed, retrying in 3 seconds: python train_model.py --exp_name TestConfig --time_interval 50 --retrain 1 --dataset malware
Retrying at 2024-12-13 14:11: python train_model.py --exp_name TestConfig --time_interval 50 --retrain 1 --dataset malware
Command failed, retrying in 3 seconds: python train_model.py --exp_name TestConfig --time_interval 50 --retrain 1 --dataset malware
Retrying at 2024-12-13 14:11: python train_model.py --exp_name TestConfig --time_interval 50 --retrain 1 --dataset malware
Command failed, retrying in 3 seconds: python train_model.py --exp_name TestConfig --time_interval 50 --retrain 1 --dataset malware
Retrying at 2024-12-13 14:11: python train_model.py --exp_name TestConfig --time_interval 50 --retrain 1 --dataset malware
Command failed, retrying in 3 seconds: python train_model.py --exp_name TestConfig --time_interval 50 --retrain 1 --dataset malware
Retrying at 2024-12-13 14:11: python train_model.py --exp_name TestConfig --time_interval 50 --retrain 1 --dataset malware
Command failed, retrying in 3 seconds: python train_model.py --exp_name TestConfig --time_interval 50 --retrain 1 --dataset malware
Retrying at 2024-12-13 14:11: python train_model.py --exp_name TestConfig --time_interval 50 --retrain 1 --dataset malware
Command failed, retrying in 3 seconds: python train_model.py --exp_name TestConfig --time_interval 50 --retrain 1 --dataset malware
Experiment Start!!!
Running at 2024-12-13 14:14: python train_model.py --exp_name TestConfig --time_interval 10 --retrain 1 --dataset malware
Running at 2024-12-13 14:15: python train_model.py --exp_name TestConfig --time_interval 50 --retrain 1 --dataset malware
Running at 2024-12-13 14:15: python train_model.py --exp_name TestConfig --time_interval 100 --retrain 1 --dataset malware
Running at 2024-12-13 14:15: python train_model.py --exp_name TestConfig --time_interval 500 --retrain 1 --dataset malware
Running at 2024-12-13 14:16: python train_model.py --exp_name TestConfig --time_interval 1000 --retrain 1 --dataset malware
Running at 2024-12-13 14:18: python train_model.py --exp_name TestConfig --time_interval 2000 --retrain 1 --dataset malware
All commands executed successfully.

